2025-03-03 02:06:46,878 - INFO - Начало предобработки данных
2025-03-03 02:06:46,907 - INFO - Предобработка данных завершена
2025-03-03 02:12:53,151 - INFO - Обучение завершено
2025-03-03 02:12:53,151 - INFO - Подготовка данных для теста
2025-03-03 02:13:17,512 - INFO - Точность модели на валидационной выборке: 0.7939
2025-03-03 02:15:15,357 - INFO - Начало предобработки данных
2025-03-03 02:15:15,379 - INFO - Предобработка данных завершена
2025-03-03 02:21:23,652 - INFO - Обучение завершено
2025-03-03 02:21:23,653 - INFO - Подготовка данных для теста
2025-03-03 02:21:45,433 - INFO - Точность модели на валидационной выборке: 0.7939
2025-03-03 02:21:45,675 - INFO - Модель сохранена в файл catboost_model.cbm
2025-03-03 02:21:45,697 - INFO - Файл submission.csv сохранён
2025-03-03 02:41:15,433 - INFO - Начало обучения модели с датасетом: ./data/input/train.csv
2025-03-03 02:41:15,444 - INFO - Начало предобработки данных
2025-03-03 02:41:15,458 - INFO - Предобработка данных завершена
2025-03-03 02:41:15,460 - INFO - Начало оптимизации гиперпараметров
2025-03-03 02:47:16,817 - INFO - Оптимизация гиперпараметров завершена
2025-03-03 02:47:16,818 - INFO - Обучение финальной модели
2025-03-03 02:47:32,202 - INFO - Точность модели на валидационной выборке: 0.7884
2025-03-03 02:47:32,362 - INFO - Модель сохранена в файл ./model/catboost_model.cbm
2025-03-03 02:49:49,992 - INFO - Начало предобработки данных
2025-03-03 02:49:50,014 - INFO - Предобработка данных завершена
2025-03-03 02:50:53,653 - INFO - Начало предобработки данных
2025-03-03 02:50:53,678 - INFO - Предобработка данных завершена
2025-03-03 02:56:55,989 - INFO - Обучение завершено
2025-03-03 02:56:55,989 - INFO - Подготовка данных для теста
2025-03-03 02:57:20,421 - INFO - Точность модели на валидационной выборке: 0.7939
2025-03-03 02:57:20,636 - INFO - Модель сохранена в файл catboost_model.cbm
2025-03-03 02:57:20,654 - INFO - Файл submission.csv сохранён
2025-03-03 03:00:33,841 - INFO - Начало обучения модели с датасетом: ./data/input/train.csv
2025-03-03 03:00:33,853 - INFO - Начало предобработки данных
2025-03-03 03:00:33,869 - INFO - Предобработка данных завершена
2025-03-03 03:00:33,872 - INFO - Начало оптимизации гиперпараметров
2025-03-03 03:00:56,165 - INFO - Начало предсказания с датасетом: ./data/input/test.csv
2025-03-03 03:00:56,171 - INFO - Начало предобработки данных
2025-03-03 03:00:56,182 - INFO - Предобработка данных завершена
2025-03-03 03:00:56,197 - INFO - Модель загружена из файла ./model/catboost_model.cbm
2025-03-03 03:00:56,216 - INFO - Файл предсказаний сохранён: ./data/output/submission.csv
2025-03-03 03:23:02,355 - INFO - Начало обучения модели с датасетом: ./data/input/train.csv
2025-03-03 03:23:02,355 - INFO - Использование GPU: true
2025-03-03 03:23:02,367 - INFO - Начало предобработки данных
2025-03-03 03:23:02,383 - INFO - Предобработка данных завершена
2025-03-03 03:23:02,386 - INFO - Начало оптимизации гиперпараметров
2025-03-03 03:23:14,943 - INFO - Начало обучения модели с датасетом: ./data/input/train.csv
2025-03-03 03:23:14,943 - INFO - Использование GPU: True
2025-03-03 03:23:14,955 - INFO - Начало предобработки данных
2025-03-03 03:23:14,971 - INFO - Предобработка данных завершена
2025-03-03 03:23:14,974 - INFO - Начало оптимизации гиперпараметров
2025-03-03 03:23:20,302 - INFO - Начало обучения модели с датасетом: ./data/input/train.csv
2025-03-03 03:23:20,302 - INFO - Использование GPU: Frue
2025-03-03 03:23:20,314 - INFO - Начало предобработки данных
2025-03-03 03:23:20,330 - INFO - Предобработка данных завершена
2025-03-03 03:23:20,333 - INFO - Начало оптимизации гиперпараметров
2025-03-03 03:23:23,341 - INFO - Начало обучения модели с датасетом: ./data/input/train.csv
2025-03-03 03:23:23,341 - INFO - Использование GPU: False
2025-03-03 03:23:23,352 - INFO - Начало предобработки данных
2025-03-03 03:23:23,368 - INFO - Предобработка данных завершена
2025-03-03 03:23:23,371 - INFO - Начало оптимизации гиперпараметров
2025-03-03 03:23:30,725 - INFO - Начало обучения модели с датасетом: ./data/input/train.csv
2025-03-03 03:23:30,726 - INFO - Использование GPU: False
2025-03-03 03:23:30,737 - INFO - Начало предобработки данных
2025-03-03 03:23:30,753 - INFO - Предобработка данных завершена
2025-03-03 03:23:30,756 - INFO - Начало оптимизации гиперпараметров
2025-03-03 03:23:42,209 - INFO - Начало обучения модели с датасетом: ./data/input/train.csv
2025-03-03 03:23:42,209 - INFO - Использование GPU: False
2025-03-03 03:23:42,220 - INFO - Начало предобработки данных
2025-03-03 03:23:42,236 - INFO - Предобработка данных завершена
2025-03-03 03:23:42,239 - INFO - Начало оптимизации гиперпараметров
2025-03-03 03:23:46,019 - INFO - Начало обучения модели с датасетом: ./data/input/train.csv
2025-03-03 03:23:46,019 - INFO - Использование GPU: True
2025-03-03 03:23:46,031 - INFO - Начало предобработки данных
2025-03-03 03:23:46,047 - INFO - Предобработка данных завершена
2025-03-03 03:23:46,049 - INFO - Начало оптимизации гиперпараметров
2025-03-03 03:25:07,473 - INFO - Начало обучения модели с датасетом: ./data/input/train.csv
2025-03-03 03:25:07,474 - INFO - Использование GPU: True
2025-03-03 03:25:07,485 - INFO - Начало предобработки данных
2025-03-03 03:25:07,499 - INFO - Предобработка данных завершена
2025-03-03 03:25:07,502 - INFO - Начало оптимизации гиперпараметров
2025-03-03 03:31:06,139 - INFO - Начало обучения модели с датасетом: ./data/input/train.csv
2025-03-03 03:31:06,140 - INFO - Использование GPU: True
2025-03-03 03:31:06,151 - INFO - Начало предобработки данных
2025-03-03 03:31:06,166 - INFO - Предобработка данных завершена
2025-03-03 03:31:06,170 - INFO - Начало оптимизации гиперпараметров
2025-03-03 03:31:13,551 - INFO - Начало обучения модели с датасетом: ./data/input/train.csv
2025-03-03 03:31:13,551 - INFO - Использование GPU: True
2025-03-03 03:31:13,563 - INFO - Начало предобработки данных
2025-03-03 03:31:13,577 - INFO - Предобработка данных завершена
2025-03-03 03:31:13,580 - INFO - Начало оптимизации гиперпараметров
2025-03-03 03:31:22,937 - INFO - Начало обучения модели с датасетом: ./data/input/train.csv
2025-03-03 03:31:22,937 - INFO - Использование GPU: True
2025-03-03 03:31:22,949 - INFO - Начало предобработки данных
2025-03-03 03:31:22,964 - INFO - Предобработка данных завершена
2025-03-03 03:31:22,967 - INFO - Начало оптимизации гиперпараметров
2025-03-03 03:32:36,871 - INFO - Начало обучения модели с датасетом: ./data/input/train.csv
2025-03-03 03:32:36,871 - INFO - Использование GPU: True
2025-03-03 03:32:36,883 - INFO - Начало предобработки данных
2025-03-03 03:32:36,897 - INFO - Предобработка данных завершена
2025-03-03 03:32:36,900 - INFO - Начало оптимизации гиперпараметров
2025-03-03 03:33:53,312 - INFO - Начало обучения модели с датасетом: ./data/input/train.csv
2025-03-03 03:33:53,312 - INFO - Использование GPU: True
2025-03-03 03:33:53,323 - INFO - Начало предобработки данных
2025-03-03 03:33:53,338 - INFO - Предобработка данных завершена
2025-03-03 03:33:53,341 - INFO - Начало оптимизации гиперпараметров
2025-03-03 03:35:03,075 - INFO - Начало обучения модели с датасетом: ./data/input/train.csv
2025-03-03 03:35:03,075 - INFO - Использование GPU: True
2025-03-03 03:35:03,086 - INFO - Начало предобработки данных
2025-03-03 03:35:03,101 - INFO - Предобработка данных завершена
2025-03-03 03:35:03,105 - INFO - Начало оптимизации гиперпараметров
2025-03-03 03:37:45,186 - INFO - Начало обучения модели с датасетом: ./data/input/train.csv
2025-03-03 03:37:45,186 - INFO - Использование GPU: True
2025-03-03 03:37:45,198 - INFO - Начало предобработки данных
2025-03-03 03:37:45,212 - INFO - Предобработка данных завершена
2025-03-03 03:37:45,215 - INFO - Начало оптимизации гиперпараметров
2025-03-03 03:37:56,667 - INFO - Начало обучения модели с датасетом: ./data/input/train.csv
2025-03-03 03:37:56,667 - INFO - Использование GPU: False
2025-03-03 03:37:56,678 - INFO - Начало предобработки данных
2025-03-03 03:37:56,693 - INFO - Предобработка данных завершена
2025-03-03 03:37:56,696 - INFO - Начало оптимизации гиперпараметров
2025-03-03 03:41:55,711 - INFO - Начало обучения модели с датасетом: ./data/input/train.csv
2025-03-03 03:41:55,711 - INFO - Использование GPU: True
2025-03-03 03:41:55,723 - INFO - Начало предобработки данных
2025-03-03 03:41:55,737 - INFO - Предобработка данных завершена
2025-03-03 03:41:55,740 - INFO - Начало оптимизации гиперпараметров
2025-03-03 03:42:38,785 - INFO - Начало обучения модели с датасетом: ./data/input/train.csv
2025-03-03 03:42:38,785 - INFO - Использование GPU: False
2025-03-03 03:42:38,797 - INFO - Начало предобработки данных
2025-03-03 03:42:38,824 - INFO - Предобработка данных завершена
2025-03-03 03:42:38,828 - INFO - Начало оптимизации гиперпараметров
2025-03-03 03:55:02,699 - INFO - Начало обучения модели с датасетом: ./data/input/train.csv
2025-03-03 03:55:02,700 - INFO - Использование GPU: False
2025-03-03 03:55:02,711 - INFO - Начало предобработки данных
2025-03-03 03:55:02,726 - INFO - Предобработка данных завершена
2025-03-03 03:55:02,729 - INFO - Начало оптимизации гиперпараметров
2025-03-03 03:56:24,693 - INFO - Начало обучения модели с датасетом: ./data/input/train.csv
2025-03-03 03:56:24,693 - INFO - Использование GPU: False
2025-03-03 03:56:24,705 - INFO - Начало предобработки данных
2025-03-03 03:56:24,720 - INFO - Предобработка данных завершена
2025-03-03 03:56:24,723 - INFO - Начало оптимизации гиперпараметров
2025-03-03 04:13:43,792 - INFO - Начало обучения модели с датасетом: ./data/input/train.csv
2025-03-03 04:13:43,793 - INFO - Использование GPU: False
2025-03-03 04:13:43,804 - INFO - Начало предобработки данных
2025-03-03 04:13:43,819 - INFO - Предобработка данных завершена
2025-03-03 04:13:43,822 - INFO - Начало оптимизации гиперпараметров
2025-03-03 04:17:25,408 - INFO - Начало обучения модели с датасетом: ./data/input/train.csv
2025-03-03 04:17:25,408 - INFO - Использование GPU: False
2025-03-03 04:17:25,419 - INFO - Начало предобработки данных
2025-03-03 04:17:25,434 - INFO - Предобработка данных завершена
2025-03-03 04:17:25,437 - INFO - Начало оптимизации гиперпараметров
2025-03-03 04:23:03,625 - INFO - Оптимизация гиперпараметров завершена
2025-03-03 04:23:03,625 - INFO - Обучение финальной модели
2025-03-03 04:39:39,018 - WARNING - CUDA не доступна. GPU не будет использоваться.
2025-03-03 04:39:39,019 - INFO - Начало обучения модели с датасетом: /data/input/train.csv
2025-03-03 04:39:39,019 - INFO - Использование GPU: False
2025-03-03 04:40:05,818 - WARNING - CUDA не доступна. GPU не будет использоваться.
2025-03-03 04:40:05,818 - INFO - Начало обучения модели с датасетом: ./data/input/train.csv
2025-03-03 04:40:05,818 - INFO - Использование GPU: False
2025-03-03 04:40:05,829 - INFO - Начало предобработки данных
2025-03-03 04:40:05,843 - INFO - Предобработка данных завершена
2025-03-03 04:40:05,847 - INFO - Начало оптимизации гиперпараметров
2025-03-03 04:49:24,254 - WARNING - CUDA не доступна. GPU не будет использоваться.
2025-03-03 04:49:24,254 - INFO - Начало обучения модели с датасетом: ./data/input/train.csv
2025-03-03 04:49:24,254 - INFO - Использование GPU: False
2025-03-03 04:49:24,265 - INFO - Начало предобработки данных
2025-03-03 04:49:24,280 - INFO - Предобработка данных завершена
2025-03-03 04:49:24,283 - INFO - Начало оптимизации гиперпараметров
2025-03-03 05:03:08,842 - INFO - Оптимизация гиперпараметров завершена
2025-03-03 05:03:08,842 - INFO - Обучение финальной модели
2025-03-03 05:03:42,600 - INFO - Точность модели на валидационной выборке: 0.8074
2025-03-03 05:03:42,600 - INFO - ROC AUC модели на валидационной выборке: 0.8998
2025-03-03 05:03:42,740 - INFO - Модель сохранена в файл ./model/catboost_model.cbm
2025-03-03 05:04:03,731 - INFO - Начало предсказания с датасетом: ./data/input/test.csv
2025-03-03 05:04:03,731 - INFO - Использование GPU: True
2025-03-03 05:04:03,738 - INFO - Начало предобработки данных
2025-03-03 05:04:03,746 - INFO - Предобработка данных завершена
2025-03-03 05:04:03,753 - INFO - Модель загружена из файла ./model/catboost_model.cbm
2025-03-03 05:04:03,773 - INFO - Файл предсказаний сохранён: ./data/output/submission.csv
2025-03-03 05:05:22,050 - INFO - Начало обучения модели с датасетом: ./data/input/train.csv
2025-03-03 05:05:22,050 - INFO - Использование GPU: False
2025-03-03 05:05:22,062 - INFO - Начало предобработки данных
2025-03-03 05:05:22,077 - INFO - Предобработка данных завершена
2025-03-03 05:05:22,080 - INFO - Начало оптимизации гиперпараметров
2025-03-03 05:07:22,175 - INFO - Проверка поддержки GPU...
2025-03-03 05:07:22,175 - INFO - Начало обучения модели с датасетом: ./data/input/train.csv
2025-03-03 05:07:22,176 - INFO - Использование GPU: False
2025-03-03 05:07:22,187 - INFO - Начало предобработки данных
2025-03-03 05:07:22,202 - INFO - Предобработка данных завершена
2025-03-03 05:07:22,205 - INFO - Начало оптимизации гиперпараметров
2025-03-03 05:08:46,700 - INFO - Проверка поддержки GPU...
2025-03-03 05:08:46,700 - INFO - GPU не поддерживается, --use_gpu=False
2025-03-03 05:08:46,701 - INFO - Начало обучения модели с датасетом: ./data/input/train.csv
2025-03-03 05:08:46,701 - INFO - Использование GPU: False
2025-03-03 05:08:46,713 - INFO - Начало предобработки данных
2025-03-03 05:08:46,727 - INFO - Предобработка данных завершена
2025-03-03 05:08:46,731 - INFO - Начало оптимизации гиперпараметров
2025-03-03 05:13:40,385 - INFO - Начало обучения модели с датасетом: ./data/input/train.csv
2025-03-03 05:13:40,385 - INFO - Использование GPU: False
2025-03-03 05:13:40,396 - INFO - Начало предобработки данных
2025-03-03 05:13:40,411 - INFO - Предобработка данных завершена
2025-03-03 05:13:40,414 - INFO - Начало оптимизации гиперпараметров
2025-03-03 05:21:05,956 - INFO - Оптимизация гиперпараметров завершена
2025-03-03 05:21:05,956 - INFO - Обучение финальной модели
2025-03-03 05:21:35,125 - INFO - Точность модели на валидационной выборке: 0.8074
2025-03-03 05:21:35,125 - INFO - ROC AUC модели на валидационной выборке: 0.8945
2025-03-03 05:21:35,207 - INFO - Модель сохранена в файл ./model/catboost_model.cbm
2025-03-03 05:21:56,635 - INFO - Начало предсказания с датасетом: ./data/input/test.csv
2025-03-03 05:21:56,635 - INFO - Использование GPU: False
2025-03-03 05:21:56,642 - INFO - Начало предобработки данных
2025-03-03 05:21:56,650 - INFO - Предобработка данных завершена
2025-03-03 05:21:56,656 - INFO - Модель загружена из файла ./model/catboost_model.cbm
2025-03-03 05:21:56,675 - INFO - Файл предсказаний сохранён: ./data/output/submission.csv
2025-03-03 05:28:32,908 - INFO - Начало предсказания с датасетом: ./data/input/test.csv
2025-03-03 05:28:32,908 - INFO - Использование GPU: False
2025-03-03 05:28:32,915 - INFO - Начало предобработки данных
2025-03-03 05:28:32,923 - INFO - Предобработка данных завершена
2025-03-03 05:28:32,929 - INFO - Модель загружена из файла ./model/catboost_model.cbm
2025-03-03 05:28:32,965 - INFO - Файл предсказаний сохранён: ./data/output/submission.csv
2025-03-03 05:28:37,977 - INFO - Начало обучения модели с датасетом: ./data/input/train.csv
2025-03-03 05:28:37,977 - INFO - Использование GPU: False
2025-03-03 05:28:37,988 - INFO - Начало предобработки данных
2025-03-03 05:28:38,002 - INFO - Предобработка данных завершена
2025-03-03 05:28:38,006 - INFO - Начало оптимизации гиперпараметров
2025-03-03 05:29:27,428 - INFO - Оптимизация гиперпараметров завершена
2025-03-03 05:29:27,428 - INFO - Обучение финальной модели
2025-03-03 05:29:36,568 - INFO - Точность модели на валидационной выборке: 0.8091
2025-03-03 05:29:36,568 - INFO - ROC AUC модели на валидационной выборке: 0.8959
2025-03-03 05:29:36,650 - INFO - Модель сохранена в файл ./model/catboost_model.cbm
2025-03-03 05:30:14,509 - INFO - Начало предсказания с датасетом: ./data/input/test.csv
2025-03-03 05:30:14,509 - INFO - Использование GPU: False
2025-03-03 05:30:14,515 - INFO - Начало предобработки данных
2025-03-03 05:30:14,524 - INFO - Предобработка данных завершена
2025-03-03 05:30:14,529 - INFO - Модель загружена из файла ./model/catboost_model.cbm
2025-03-03 05:30:14,560 - INFO - Файл предсказаний сохранён: ./data/output/submission.csv
2025-03-03 05:31:47,573 - INFO - Начало предсказания с датасетом: ./data/input/test.csv
2025-03-03 05:31:47,573 - INFO - Использование GPU: False
2025-03-03 05:31:47,580 - INFO - Начало предобработки данных
2025-03-03 05:31:47,589 - INFO - Предобработка данных завершена
2025-03-03 05:31:47,594 - INFO - Модель загружена из файла ./model/catboost_model.cbm
2025-03-03 05:33:56,315 - INFO - Начало предсказания с датасетом: ./data/input/test.csv
2025-03-03 05:33:56,315 - INFO - Использование GPU: False
2025-03-03 05:33:56,321 - INFO - Начало предобработки данных
2025-03-03 05:33:56,330 - INFO - Предобработка данных завершена
2025-03-03 05:33:56,336 - INFO - Модель загружена из файла ./model/catboost_model.cbm
2025-03-03 05:33:56,353 - INFO - Файл предсказаний сохранён: ./data/output/submission.csv
2025-03-03 05:39:16,599 - INFO - Начало обучения модели с датасетом: ./data/input/train.csv
2025-03-03 05:39:16,599 - INFO - Использование GPU: False
2025-03-03 05:39:16,610 - INFO - Начало предобработки данных
2025-03-03 05:39:16,624 - INFO - Предобработка данных завершена
2025-03-03 05:39:16,627 - INFO - Начало оптимизации гиперпараметров
2025-03-03 05:39:58,671 - INFO - Оптимизация гиперпараметров завершена
2025-03-03 05:39:58,671 - INFO - Обучение финальной модели
2025-03-03 05:40:07,707 - INFO - Точность модели на валидационной выборке: 0.8045
2025-03-03 05:40:07,707 - INFO - ROC AUC модели на валидационной выборке: 0.8937
2025-03-03 05:40:07,786 - INFO - Модель сохранена в файл ./model/catboost_model.cbm
2025-03-03 05:41:24,671 - INFO - Начало обучения модели с датасетом: ./data/input/train.csv
2025-03-03 05:41:24,671 - INFO - Использование GPU: False
2025-03-03 05:41:24,682 - INFO - Начало предобработки данных
2025-03-03 05:41:24,697 - INFO - Предобработка данных завершена
2025-03-03 05:41:24,700 - INFO - Начало оптимизации гиперпараметров
2025-03-03 05:41:32,489 - INFO - Начало обучения модели с датасетом: ./data/input/train.csv
2025-03-03 05:41:32,489 - INFO - Использование GPU: False
2025-03-03 05:41:32,500 - INFO - Начало предобработки данных
2025-03-03 05:41:32,514 - INFO - Предобработка данных завершена
2025-03-03 05:41:32,518 - INFO - Начало оптимизации гиперпараметров
2025-03-03 05:42:26,786 - INFO - Оптимизация гиперпараметров завершена
2025-03-03 05:42:26,786 - INFO - Обучение финальной модели
2025-03-03 05:42:33,581 - INFO - Начало обучения модели с датасетом: ./data/input/train.csv
2025-03-03 05:42:33,581 - INFO - Использование GPU: False
2025-03-03 05:42:33,593 - INFO - Начало предобработки данных
2025-03-03 05:42:33,607 - INFO - Предобработка данных завершена
2025-03-03 05:42:33,610 - INFO - Начало оптимизации гиперпараметров
2025-03-03 05:44:33,012 - INFO - Начало обучения модели с датасетом: ./data/input/train.csv
2025-03-03 05:44:33,012 - INFO - Использование GPU: False
2025-03-03 05:44:33,024 - INFO - Начало предобработки данных
2025-03-03 05:44:33,038 - INFO - Предобработка данных завершена
2025-03-03 05:44:33,042 - INFO - Начало оптимизации гиперпараметров
2025-03-03 05:44:41,281 - INFO - Начало обучения модели с датасетом: ./data/input/train.csv
2025-03-03 05:44:41,281 - INFO - Использование GPU: False
2025-03-03 05:44:41,293 - INFO - Начало предобработки данных
2025-03-03 05:44:41,307 - INFO - Предобработка данных завершена
2025-03-03 05:44:41,310 - INFO - Начало оптимизации гиперпараметров
2025-03-03 06:46:47,976 - INFO - Оптимизация гиперпараметров завершена
2025-03-03 06:46:47,976 - INFO - Обучение финальной модели
2025-03-03 06:47:19,885 - INFO - Точность модели на валидационной выборке: 0.8114
2025-03-03 06:47:19,885 - INFO - ROC AUC модели на валидационной выборке: 0.8975
2025-03-03 06:47:19,983 - INFO - Модель сохранена в файл ./model/catboost_model.cbm
2025-03-03 14:06:30,100 - INFO - Начало предсказания с датасетом: ./data/input/test.csv
2025-03-03 14:06:30,100 - INFO - Использование GPU: False
2025-03-03 14:06:30,106 - INFO - Начало предобработки данных
2025-03-03 14:06:30,115 - INFO - Предобработка данных завершена
2025-03-03 14:06:30,121 - INFO - Модель загружена из файла ./model/catboost_model.cbm
2025-03-03 14:06:30,141 - INFO - Файл предсказаний сохранён: ./data/output/submission.csv
2025-03-03 14:25:29,937 - INFO - Начало обучения модели с датасетом: ./data/input/train.csv
2025-03-03 14:25:29,937 - INFO - Использование GPU: False
2025-03-03 14:25:29,948 - INFO - Начало предобработки данных
2025-03-03 14:25:29,963 - INFO - Предобработка данных завершена
2025-03-03 14:25:29,967 - INFO - Начало оптимизации гиперпараметров
2025-03-03 14:26:21,981 - INFO - Начало обучения модели с датасетом: ./data/input/train.csv
2025-03-03 14:26:21,981 - INFO - Использование GPU: False
2025-03-03 14:26:21,992 - INFO - Начало предобработки данных
2025-03-03 14:26:22,006 - INFO - Предобработка данных завершена
2025-03-03 14:26:22,009 - INFO - Начало оптимизации гиперпараметров
2025-03-03 14:40:12,761 - INFO - Начало обучения модели с датасетом: ./data/input/train.csv
2025-03-03 14:40:12,761 - INFO - Использование GPU: False
2025-03-03 14:40:12,772 - INFO - Начало предобработки данных
2025-03-03 14:40:12,790 - INFO - Предобработка данных завершена
2025-03-03 14:40:12,793 - INFO - Начало оптимизации гиперпараметров
2025-03-03 15:07:31,577 - INFO - Начало обучения модели с датасетом: ./data/input/train.csv
2025-03-03 15:07:31,578 - INFO - Использование GPU: False
2025-03-03 15:07:31,589 - INFO - Начало предобработки данных
2025-03-03 15:07:31,603 - INFO - Предобработка данных завершена
2025-03-03 15:07:31,607 - INFO - Начало оптимизации гиперпараметров
2025-03-03 15:08:22,819 - INFO - Начало обучения модели с датасетом: ./data/input/train.csv
2025-03-03 15:08:22,820 - INFO - Использование GPU: False
2025-03-03 15:08:22,831 - INFO - Начало предобработки данных
2025-03-03 15:08:22,845 - INFO - Предобработка данных завершена
2025-03-03 15:08:22,848 - INFO - Начало оптимизации гиперпараметров
2025-03-03 15:08:47,501 - INFO - Начало обучения модели с датасетом: ./data/input/train.csv
2025-03-03 15:08:47,501 - INFO - Использование GPU: False
2025-03-03 15:08:47,513 - INFO - Начало предобработки данных
2025-03-03 15:08:47,527 - INFO - Предобработка данных завершена
2025-03-03 15:08:47,530 - INFO - Начало оптимизации гиперпараметров
2025-03-03 15:09:03,031 - INFO - Начало обучения модели с датасетом: ./data/input/train.csv
2025-03-03 15:09:03,031 - INFO - Использование GPU: False
2025-03-03 15:09:03,042 - INFO - Начало предобработки данных
2025-03-03 15:09:03,057 - INFO - Предобработка данных завершена
2025-03-03 15:09:03,060 - INFO - Начало оптимизации гиперпараметров
2025-03-03 15:10:06,172 - INFO - Начало обучения модели с датасетом: ./data/input/train.csv
2025-03-03 15:10:06,172 - INFO - Использование GPU: False
2025-03-03 15:10:06,183 - INFO - Начало предобработки данных
2025-03-03 15:10:06,198 - INFO - Предобработка данных завершена
2025-03-03 15:10:06,201 - INFO - Начало оптимизации гиперпараметров
2025-03-03 15:10:13,890 - INFO - Начало обучения модели с датасетом: ./data/input/train.csv
2025-03-03 15:10:13,890 - INFO - Использование GPU: False
2025-03-03 15:10:13,902 - INFO - Начало предобработки данных
2025-03-03 15:10:13,917 - INFO - Предобработка данных завершена
2025-03-03 15:10:13,920 - INFO - Начало оптимизации гиперпараметров
2025-03-03 15:10:17,706 - INFO - Начало обучения модели с датасетом: ./data/input/train.csv
2025-03-03 15:10:17,706 - INFO - Использование GPU: False
2025-03-03 15:10:17,718 - INFO - Начало предобработки данных
2025-03-03 15:10:17,734 - INFO - Предобработка данных завершена
2025-03-03 15:10:17,738 - INFO - Начало оптимизации гиперпараметров
2025-03-03 15:10:24,380 - INFO - Начало обучения модели с датасетом: ./data/input/train.csv
2025-03-03 15:10:24,380 - INFO - Использование GPU: False
2025-03-03 15:10:24,392 - INFO - Начало предобработки данных
2025-03-03 15:10:24,406 - INFO - Предобработка данных завершена
2025-03-03 15:10:24,410 - INFO - Начало оптимизации гиперпараметров
2025-03-03 15:12:58,118 - INFO - Начало обучения модели с датасетом: ./data/input/train.csv
2025-03-03 15:12:58,119 - INFO - Использование GPU: False
2025-03-03 15:12:58,130 - INFO - Начало предобработки данных
2025-03-03 15:12:58,145 - INFO - Предобработка данных завершена
2025-03-03 15:12:58,148 - INFO - Начало оптимизации гиперпараметров
2025-03-03 15:13:02,090 - INFO - Начало обучения модели с датасетом: ./data/input/train.csv
2025-03-03 15:13:02,090 - INFO - Использование GPU: False
2025-03-03 15:13:02,102 - INFO - Начало предобработки данных
2025-03-03 15:13:02,117 - INFO - Предобработка данных завершена
2025-03-03 15:13:02,121 - INFO - Начало оптимизации гиперпараметров
2025-03-03 15:13:09,639 - INFO - Начало обучения модели с датасетом: ./data/input/train.csv
2025-03-03 15:13:09,639 - INFO - Использование GPU: False
2025-03-03 15:13:09,650 - INFO - Начало предобработки данных
2025-03-03 15:13:09,666 - INFO - Предобработка данных завершена
2025-03-03 15:13:09,669 - INFO - Начало оптимизации гиперпараметров
2025-03-03 15:14:24,870 - INFO - Проверка поддержки GPU...
2025-03-03 15:14:24,870 - INFO - GPU не поддерживается, --use_gpu=False
2025-03-03 15:14:24,870 - INFO - Начало обучения модели с датасетом: ./data/input/train.csv
2025-03-03 15:14:24,870 - INFO - Использование GPU: False
2025-03-03 15:14:24,882 - INFO - Начало предобработки данных
2025-03-03 15:14:24,896 - INFO - Предобработка данных завершена
2025-03-03 15:14:24,899 - INFO - Начало оптимизации гиперпараметров
2025-03-03 15:16:11,622 - INFO - Начало обучения модели с датасетом: ./data/input/train.csv
2025-03-03 15:16:11,623 - INFO - Использование GPU: False
2025-03-03 15:16:11,634 - INFO - Начало предобработки данных
2025-03-03 15:16:11,649 - INFO - Предобработка данных завершена
2025-03-03 15:16:11,652 - INFO - Начало оптимизации гиперпараметров
2025-03-03 15:16:26,641 - INFO - Начало обучения модели с датасетом: ./data/input/train.csv
2025-03-03 15:16:26,641 - INFO - Использование GPU: 0
2025-03-03 15:16:26,652 - INFO - Начало предобработки данных
2025-03-03 15:16:26,667 - INFO - Предобработка данных завершена
2025-03-03 15:16:26,670 - INFO - Начало оптимизации гиперпараметров
2025-03-03 15:16:32,822 - INFO - Проверка поддержки GPU...
2025-03-03 15:16:32,822 - INFO - GPU не поддерживается, --use_gpu=False
2025-03-03 15:16:32,823 - INFO - Начало обучения модели с датасетом: ./data/input/train.csv
2025-03-03 15:16:32,823 - INFO - Использование GPU: False
2025-03-03 15:16:32,835 - INFO - Начало предобработки данных
2025-03-03 15:16:32,850 - INFO - Предобработка данных завершена
2025-03-03 15:16:32,854 - INFO - Начало оптимизации гиперпараметров
2025-03-03 15:25:28,062 - INFO - Начало предсказания с датасетом: /data/input/train.csv
2025-03-03 15:25:28,062 - INFO - Использование GPU: False
2025-03-03 15:25:40,530 - INFO - Начало предсказания с датасетом: ./data/input/test.csv
2025-03-03 15:25:40,530 - INFO - Использование GPU: False
2025-03-03 15:25:40,537 - INFO - Начало предобработки данных
2025-03-03 15:25:40,546 - INFO - Предобработка данных завершена
2025-03-03 15:25:40,553 - INFO - Модель загружена из файла ./model/catboost_model.cbm
2025-03-03 15:25:40,575 - INFO - Файл предсказаний сохранён: ./data/output/submission.csv
2025-03-03 10:22:57,414 - INFO - РќР°С‡Р°Р»Рѕ РѕР±СѓС‡РµРЅРёСЏ РјРѕРґРµР»Рё СЃ РґР°С‚Р°СЃРµС‚РѕРј: /app/data/train.csv
2025-03-03 10:22:57,415 - INFO - РСЃРїРѕР»СЊР·РѕРІР°РЅРёРµ GPU: False
2025-03-03 10:22:57,435 - INFO - РќР°С‡Р°Р»Рѕ РїСЂРµРґРѕР±СЂР°Р±РѕС‚РєРё РґР°РЅРЅС‹С…
2025-03-03 10:22:57,454 - INFO - РџСЂРµРґРѕР±СЂР°Р±РѕС‚РєР° РґР°РЅРЅС‹С… Р·Р°РІРµСЂС€РµРЅР°
2025-03-03 10:22:57,457 - INFO - РќР°С‡Р°Р»Рѕ РѕРїС‚РёРјРёР·Р°С†РёРё РіРёРїРµСЂРїР°СЂР°РјРµС‚СЂРѕРІ
2025-03-03 10:25:08,695 - INFO - РћРїС‚РёРјРёР·Р°С†РёСЏ РіРёРїРµСЂРїР°СЂР°РјРµС‚СЂРѕРІ Р·Р°РІРµСЂС€РµРЅР°
2025-03-03 10:25:08,695 - INFO - РћР±СѓС‡РµРЅРёРµ С„РёРЅР°Р»СЊРЅРѕР№ РјРѕРґРµР»Рё
2025-03-03 10:25:10,576 - INFO - РўРѕС‡РЅРѕСЃС‚СЊ РјРѕРґРµР»Рё РЅР° РІР°Р»РёРґР°С†РёРѕРЅРЅРѕР№ РІС‹Р±РѕСЂРєРµ: 0.8085
2025-03-03 10:25:10,576 - INFO - ROC AUC РјРѕРґРµР»Рё РЅР° РІР°Р»РёРґР°С†РёРѕРЅРЅРѕР№ РІС‹Р±РѕСЂРєРµ: 0.8981
2025-03-03 10:25:10,709 - INFO - РњРѕРґРµР»СЊ СЃРѕС…СЂР°РЅРµРЅР° РІ С„Р°Р№Р» ./data/model/catboost_model.cbm
2025-03-03 10:26:17,549 - INFO - РќР°С‡Р°Р»Рѕ РїСЂРµРґСЃРєР°Р·Р°РЅРёСЏ СЃ РґР°С‚Р°СЃРµС‚РѕРј: /app/data/test.csv
2025-03-03 10:26:17,550 - INFO - РСЃРїРѕР»СЊР·РѕРІР°РЅРёРµ GPU: False
2025-03-03 10:26:17,559 - INFO - РќР°С‡Р°Р»Рѕ РїСЂРµРґРѕР±СЂР°Р±РѕС‚РєРё РґР°РЅРЅС‹С…
2025-03-03 10:26:17,568 - INFO - РџСЂРµРґРѕР±СЂР°Р±РѕС‚РєР° РґР°РЅРЅС‹С… Р·Р°РІРµСЂС€РµРЅР°
2025-03-03 10:26:17,588 - INFO - РњРѕРґРµР»СЊ Р·Р°РіСЂСѓР¶РµРЅР° РёР· С„Р°Р№Р»Р° ./data/model/catboost_model.cbm
2025-03-03 10:26:17,611 - INFO - Р¤Р°Р№Р» РїСЂРµРґСЃРєР°Р·Р°РЅРёР№ СЃРѕС…СЂР°РЅС‘РЅ: ./data/result.csv
2025-03-03 10:38:54,515 - INFO - РќР°С‡Р°Р»Рѕ РїСЂРµРґСЃРєР°Р·Р°РЅРёСЏ СЃ РґР°С‚Р°СЃРµС‚РѕРј: /app/data/test.csv
2025-03-03 10:38:54,515 - INFO - РСЃРїРѕР»СЊР·РѕРІР°РЅРёРµ GPU: False
2025-03-03 10:38:54,531 - INFO - РќР°С‡Р°Р»Рѕ РїСЂРµРґРѕР±СЂР°Р±РѕС‚РєРё РґР°РЅРЅС‹С…
2025-03-03 10:38:54,545 - INFO - РџСЂРµРґРѕР±СЂР°Р±РѕС‚РєР° РґР°РЅРЅС‹С… Р·Р°РІРµСЂС€РµРЅР°
2025-03-03 10:38:54,593 - INFO - РњРѕРґРµР»СЊ Р·Р°РіСЂСѓР¶РµРЅР° РёР· С„Р°Р№Р»Р° ./data/model/catboost_model.cbm
2025-03-03 10:38:54,635 - INFO - Р¤Р°Р№Р» РїСЂРµРґСЃРєР°Р·Р°РЅРёР№ СЃРѕС…СЂР°РЅС‘РЅ: ./data/result.csv
2025-03-03 18:17:42,088 - INFO - Начало предсказания с датасетом: /path/to/test.csv
2025-03-03 18:17:42,088 - INFO - Использование GPU: False
2025-03-03 18:17:53,894 - INFO - Начало предсказания с датасетом: ./data/test.csv
2025-03-03 18:17:53,895 - INFO - Использование GPU: False
2025-03-03 18:17:53,901 - INFO - Начало предобработки данных
2025-03-03 18:17:53,911 - INFO - Предобработка данных завершена
2025-03-03 18:17:53,918 - INFO - Модель загружена из файла ./data/model/catboost_model.cbm
2025-03-03 18:17:53,939 - INFO - Файл предсказаний сохранён: ./data/result.csv
2025-03-23 02:31:05,538 - INFO - Начало предсказания с датасетом: ./data/test.csv
2025-03-23 02:31:05,542 - INFO - Использование GPU: False
2025-03-23 02:31:05,573 - INFO - Начало предобработки данных
2025-03-23 02:31:05,589 - INFO - Предобработка данных завершена
2025-03-23 02:31:05,657 - INFO - Модель загружена из файла ./data/model/catboost_model.cbm
2025-03-23 02:31:05,713 - INFO - Файл предсказаний сохранён: ./data/result.csv
2025-03-24 15:07:27,051 - INFO - Starting prediction with dataset: ./machinelearning/data/test.csv
2025-03-24 15:07:27,051 - INFO - Using GPU: False
2025-03-24 15:07:39,883 - INFO - Starting prediction with dataset: ./data/test.csv
2025-03-24 15:07:39,883 - INFO - Using GPU: False
2025-03-24 15:07:39,891 - INFO - Starting data preprocessing
2025-03-24 15:07:39,899 - INFO - Data preprocessing completed
2025-03-24 15:07:39,908 - INFO - Model loaded from file ./data/model/catboost_model.cbm
2025-03-24 15:09:11,122 - INFO - Starting prediction with dataset: ./data/test.csv
2025-03-24 15:09:11,122 - INFO - Using GPU: False
2025-03-24 15:09:11,129 - INFO - Starting data preprocessing
2025-03-24 15:09:11,138 - INFO - Data preprocessing completed
2025-03-24 15:09:11,146 - INFO - Model loaded from file ./data/model/catboost_model.cbm
2025-03-24 15:20:37,223 - INFO - Starting prediction with dataset: ./data/test.csv
2025-03-24 15:20:37,223 - INFO - Using GPU: False
2025-03-24 15:20:37,231 - INFO - Starting data preprocessing
2025-03-24 15:20:37,240 - INFO - Data preprocessing completed
2025-03-24 15:20:37,248 - INFO - Model loaded from file ./data/model/catboost_model.cbm
2025-03-24 15:20:37,272 - INFO - Predictions file saved: ./data/result.csv
2025-03-24 15:40:54,271 - INFO - Starting prediction with dataset: ./data/test.csv
2025-03-24 15:40:54,271 - INFO - Using GPU: False
2025-03-24 15:40:54,278 - INFO - Starting data preprocessing
2025-03-24 15:40:54,286 - INFO - Data preprocessing completed
2025-03-24 15:40:54,294 - INFO - Model loaded from file ./data/model/catboost_model.cbm
2025-03-24 15:41:19,753 - INFO - Starting prediction with dataset: ./data/test.csv
2025-03-24 15:41:19,753 - INFO - Using GPU: False
2025-03-24 15:41:19,761 - INFO - Starting data preprocessing
2025-03-24 15:41:19,770 - INFO - Data preprocessing completed
2025-03-24 15:41:19,778 - INFO - Model loaded from file ./data/model/catboost_model.cbm
2025-03-24 15:41:19,799 - INFO - Predictions file saved: ./data/result.csv
2025-03-24 15:41:40,722 - INFO - Starting prediction with dataset: ./data/test.csv
2025-03-24 15:41:40,722 - INFO - Using GPU: False
2025-03-24 15:41:40,729 - INFO - Starting data preprocessing
2025-03-24 15:41:40,736 - INFO - Data preprocessing completed
2025-03-24 15:41:40,745 - INFO - Model loaded from file ./data/model/catboost_model.cbm
2025-03-24 15:42:26,492 - INFO - Starting model training with dataset: ./data/train.csv
2025-03-24 15:42:26,492 - INFO - Using GPU: False
2025-03-24 15:42:26,504 - INFO - Starting data preprocessing
2025-03-24 15:42:26,517 - INFO - Data preprocessing completed
2025-03-24 15:42:26,519 - INFO - Starting hyperparameter optimization
2025-03-24 15:45:21,583 - INFO - Hyperparameter optimization completed
2025-03-24 15:45:21,583 - INFO - Training the final model
2025-03-24 15:45:33,549 - INFO - Model accuracy on validation set: 0.8085
2025-03-24 15:45:33,549 - INFO - Model ROC AUC on validation set: 0.8983
2025-03-24 15:45:33,639 - INFO - Model saved to file ./data/model/catboost_model.cbm
2025-03-24 15:45:39,042 - INFO - Starting prediction with dataset: ./data/test.csv
2025-03-24 15:45:39,042 - INFO - Using GPU: False
2025-03-24 15:45:39,050 - INFO - Starting data preprocessing
2025-03-24 15:45:39,057 - INFO - Data preprocessing completed
2025-03-24 15:45:39,061 - INFO - Model loaded from file ./data/model/catboost_model.cbm
2025-03-24 15:45:39,075 - INFO - Predictions file saved: ./data/result.csv
2025-03-24 15:46:37,821 - INFO - Starting model training with dataset: ./data/train.csv
2025-03-24 15:46:37,821 - INFO - Using GPU: False
2025-03-24 15:46:37,833 - INFO - Starting data preprocessing
2025-03-24 15:46:37,849 - INFO - Data preprocessing completed
2025-03-24 15:46:37,852 - INFO - Starting hyperparameter optimization
2025-03-24 15:48:45,847 - INFO - Hyperparameter optimization completed
2025-03-24 15:48:45,847 - INFO - Training the final model
2025-03-24 15:49:12,909 - INFO - Model accuracy on validation set: 0.8079
2025-03-24 15:49:12,909 - INFO - Model ROC AUC on validation set: 0.8963
2025-03-24 15:49:13,073 - INFO - Model saved to file ./data/model/catboost_model.cbm
2025-03-24 15:49:49,161 - INFO - Starting prediction with dataset: ./data/test.csv
2025-03-24 15:49:49,161 - INFO - Using GPU: False
2025-03-24 15:49:49,168 - INFO - Starting data preprocessing
2025-03-24 15:49:49,176 - INFO - Data preprocessing completed
2025-03-24 15:49:49,187 - INFO - Model loaded from file ./data/model/catboost_model.cbm
2025-03-24 15:49:49,210 - INFO - Predictions file saved: ./data/result.csv
2025-03-24 15:50:32,003 - INFO - Starting prediction with dataset: ./data/test.csv
2025-03-24 15:50:32,003 - INFO - Using GPU: False
2025-03-24 15:50:32,010 - INFO - Starting data preprocessing
2025-03-24 15:50:32,019 - INFO - Data preprocessing completed
2025-03-24 15:50:32,029 - INFO - Model loaded from file ./data/model/catboost_model.cbm
2025-03-24 15:50:32,051 - INFO - Predictions file saved: ./data/result.csv
2025-03-24 16:12:18,177 - INFO - Checking GPU compatibility...
2025-03-24 16:12:18,179 - INFO - GPU is not supported, --use_gpu=False
2025-03-24 16:12:18,179 - INFO - Starting model training with dataset: ./data/train.csv
2025-03-24 16:12:18,179 - INFO - Using GPU: False
2025-03-24 16:12:18,192 - INFO - Starting data preprocessing
2025-03-24 16:12:18,207 - INFO - Data preprocessing completed
2025-03-24 16:12:18,210 - INFO - Starting hyperparameter optimization
2025-03-24 16:13:24,867 - INFO - Hyperparameter optimization completed
2025-03-24 16:13:24,867 - INFO - Training the final model
2025-03-24 16:13:29,146 - INFO - Starting prediction with dataset: ./data/test.csv
2025-03-24 16:13:29,146 - INFO - Using GPU: False
2025-03-24 16:13:29,154 - INFO - Starting data preprocessing
2025-03-24 16:13:29,163 - INFO - Data preprocessing completed
2025-03-24 16:13:29,171 - INFO - Model loaded from file ./data/model/catboost_model.cbm
2025-03-24 16:13:29,194 - INFO - Predictions file saved: ./data/result.csv
2025-03-24 16:13:38,547 - INFO - Starting prediction with dataset: ./data/test.csv
2025-03-24 16:13:38,547 - INFO - Using GPU: False
2025-03-24 16:13:38,554 - INFO - Starting data preprocessing
2025-03-24 16:13:38,563 - INFO - Data preprocessing completed
2025-03-24 16:13:38,572 - INFO - Model loaded from file ./data/model/catboost_model.cbm
2025-03-24 16:13:38,607 - INFO - Predictions file saved: ./data/result.csv
2025-03-27 11:35:22,017 - INFO - Starting prediction with dataset: ./data/test.csv
2025-03-27 11:35:22,017 - INFO - Using GPU: False
2025-03-27 11:35:22,048 - INFO - Starting data preprocessing
2025-03-27 11:35:22,064 - INFO - Data preprocessing completed
2025-03-27 11:35:22,150 - INFO - Model loaded from file ./data/model/catboost_model.cbm
2025-03-27 11:35:22,201 - INFO - Predictions file saved: ./data/result.csv
2025-03-27 11:35:58,366 - INFO - Starting prediction with dataset: ./data/test.csv
2025-03-27 11:35:58,367 - INFO - Using GPU: False
2025-03-27 11:35:58,374 - INFO - Starting data preprocessing
2025-03-27 11:35:58,383 - INFO - Data preprocessing completed
2025-03-27 11:35:58,391 - INFO - Model loaded from file ./data/model/catboost_model.cbm
2025-03-27 11:35:58,412 - INFO - Predictions file saved: ./data/result.csv
2025-03-27 11:37:18,455 - INFO - Starting prediction with dataset: ./data/test.csv
2025-03-27 11:37:18,455 - INFO - Using GPU: False
2025-03-27 11:37:18,470 - INFO - Starting data preprocessing
2025-03-27 11:37:18,481 - INFO - Data preprocessing completed
2025-03-27 11:37:18,615 - INFO - Model loaded from file ./data/model/catboost_model.cbm
2025-03-27 11:37:18,641 - INFO - Predictions file saved: ./data/result.csv
2025-03-27 11:38:15,121 - INFO - Starting prediction with dataset: ./data/test.csv
2025-03-27 11:38:15,121 - INFO - Using GPU: False
2025-03-27 11:38:15,130 - INFO - Starting data preprocessing
2025-03-27 11:38:15,140 - INFO - Data preprocessing completed
2025-03-27 11:38:15,297 - INFO - Model loaded from file ./data/model/catboost_model.cbm
2025-03-27 11:38:15,323 - INFO - Predictions file saved: ./data/result.csv
2025-03-27 11:38:31,426 - INFO - Starting model training with dataset: ./data/train.csv
2025-03-27 11:38:31,426 - INFO - Using GPU: False
2025-03-27 11:38:31,458 - INFO - Starting data preprocessing
2025-03-27 11:38:31,480 - INFO - Data preprocessing completed
2025-03-27 11:38:31,483 - INFO - Starting hyperparameter optimization
2025-03-27 11:39:27,069 - INFO - Hyperparameter optimization completed
2025-03-27 11:39:27,069 - INFO - Training the final model
2025-03-27 11:40:04,337 - INFO - Model accuracy on validation set: 0.8068
2025-03-27 11:40:04,338 - INFO - Model ROC AUC on validation set: 0.8987
2025-03-27 11:40:04,711 - INFO - Model saved to file ./data/model/catboost_model.cbm
2025-03-27 11:44:32,638 - INFO - Starting prediction with dataset: ./data/test.csv
2025-03-27 11:44:32,639 - INFO - Using GPU: False
2025-03-27 11:44:55,244 - INFO - Starting prediction with dataset: ./data/test.csv
2025-03-27 11:44:55,244 - INFO - Using GPU: False
2025-03-27 11:44:55,254 - INFO - Starting data preprocessing
2025-03-27 11:44:55,264 - INFO - Data preprocessing completed
2025-03-27 11:44:55,436 - INFO - Model loaded from file ./data/model/catboost_model.cbm
2025-03-27 11:44:55,457 - INFO - Predictions file saved: ./data/result.csv
2025-03-27 11:46:32,046 - INFO - Starting model training with dataset: ./data/train.csv
2025-03-27 11:46:32,047 - INFO - Using GPU: False
2025-03-27 11:46:32,061 - INFO - Starting data preprocessing
2025-03-27 11:46:32,082 - INFO - Data preprocessing completed
2025-03-27 11:46:32,085 - INFO - Starting hyperparameter optimization
2025-03-27 11:47:48,274 - INFO - Hyperparameter optimization completed
2025-03-27 11:47:48,274 - INFO - Training the final model
2025-03-27 11:48:02,401 - INFO - Model accuracy on validation set: 0.8097
2025-03-27 11:48:02,401 - INFO - Model ROC AUC on validation set: 0.892
2025-03-27 11:48:02,761 - INFO - Model saved to file ./data/model/catboost_model.cbm
2025-03-27 12:01:35,715 - INFO - Starting model training with dataset: ./data/train.csv
2025-03-27 12:01:35,716 - INFO - Using GPU: False
2025-03-27 12:01:35,735 - INFO - Starting data preprocessing
2025-03-27 12:01:35,752 - INFO - Data preprocessing completed
2025-03-27 12:01:35,760 - INFO - Starting hyperparameter optimization
2025-03-27 12:02:29,166 - INFO - Hyperparameter optimization completed
2025-03-27 12:02:29,166 - INFO - Training the final model
2025-03-27 12:02:40,136 - INFO - Model accuracy on validation set: 0.8114
2025-03-27 12:02:40,136 - INFO - Model ROC AUC on validation set: 0.8959
2025-03-27 12:02:40,527 - INFO - Model saved to file ./data/model/catboost_model.cbm
2025-03-27 12:06:57,614 - INFO - Starting model training with dataset: ./data/train.csv
2025-03-27 12:06:57,614 - INFO - Using GPU: False
2025-03-27 12:06:57,690 - INFO - Starting data preprocessing
2025-03-27 12:06:57,708 - INFO - Data preprocessing completed
2025-03-27 12:06:57,711 - INFO - Starting hyperparameter optimization
2025-03-27 12:07:45,508 - INFO - Hyperparameter optimization completed
2025-03-27 12:07:45,508 - INFO - Training the final model
2025-03-27 12:07:53,228 - INFO - Model accuracy on validation set: 0.8097
2025-03-27 12:07:53,228 - INFO - Model ROC AUC on validation set: 0.8974
2025-03-27 12:07:53,583 - INFO - Model saved to file ./data/model/catboost_model.cbm
2025-03-27 12:22:00,442 - INFO - Starting model training with dataset: ./data/train.csv
2025-03-27 12:22:00,442 - INFO - Using GPU: False
2025-03-27 12:22:00,499 - INFO - Starting data preprocessing
2025-03-27 12:22:00,516 - INFO - Data preprocessing completed
2025-03-27 12:22:00,519 - INFO - Starting hyperparameter optimization
2025-03-27 12:26:56,057 - INFO - Starting model training with dataset: ./data/train.csv
2025-03-27 12:26:56,057 - INFO - Using GPU: False
2025-03-27 12:26:56,141 - INFO - Starting data preprocessing
2025-03-27 12:26:56,156 - INFO - Data preprocessing completed
2025-03-27 12:26:56,158 - INFO - Starting hyperparameter optimization
2025-03-27 12:34:52,828 - INFO - Starting model training with dataset: ./data/train.csv
2025-03-27 12:34:52,829 - INFO - Using GPU: False
2025-03-27 12:34:52,881 - INFO - Starting data preprocessing
2025-03-27 12:34:52,899 - INFO - Data preprocessing completed
2025-03-27 12:34:52,902 - INFO - Starting hyperparameter optimization
2025-03-27 12:37:21,536 - INFO - Starting model training with dataset: ./data/train.csv
2025-03-27 12:37:21,536 - INFO - Using GPU: False
2025-03-27 12:37:21,606 - INFO - Starting data preprocessing
2025-03-27 12:37:21,623 - INFO - Data preprocessing completed
2025-03-27 12:37:21,626 - INFO - Starting hyperparameter optimization
2025-03-27 12:38:36,266 - INFO - Hyperparameter optimization completed
2025-03-27 12:38:36,266 - INFO - Training the final model
2025-03-27 12:39:23,042 - INFO - Model accuracy on validation set: 0.8114
2025-03-27 12:39:23,042 - INFO - Model ROC AUC on validation set: 0.8994
2025-03-27 12:39:23,474 - INFO - Model saved to file ./data/model/catboost_model.cbm
2025-03-27 12:40:20,668 - INFO - Starting prediction with dataset: ./data/test.csv
2025-03-27 12:40:20,668 - INFO - Using GPU: False
2025-03-27 12:40:20,668 - ERROR - Model not found in path ./data/model/catboost_model.cbm. Start the training first.
2025-03-27 12:46:29,917 - INFO - Starting prediction with dataset: ./data/test.csv
2025-03-27 12:46:29,917 - INFO - Using GPU: False
2025-03-27 12:46:29,928 - INFO - Starting data preprocessing
2025-03-27 12:46:29,937 - INFO - Data preprocessing completed
2025-03-27 12:46:30,138 - INFO - Model loaded from file ./data/model/catboost_model.cbm
2025-03-27 12:46:30,159 - INFO - Predictions file saved: ./data/result.csv
2025-03-27 12:47:49,515 - INFO - Starting model training with dataset: ./data/train.csv
2025-03-27 12:47:49,515 - INFO - Using GPU: False
2025-03-27 12:47:49,606 - INFO - Starting data preprocessing
2025-03-27 12:47:49,621 - INFO - Data preprocessing completed
2025-03-27 12:47:49,624 - INFO - Starting hyperparameter optimization
2025-03-27 12:52:49,854 - INFO - Hyperparameter optimization completed
2025-03-27 12:52:49,854 - INFO - Training the final model
2025-03-27 12:53:40,970 - INFO - Model accuracy on validation set: 0.812
2025-03-27 12:53:40,970 - INFO - Model ROC AUC on validation set: 0.8982
2025-03-27 12:53:41,405 - INFO - Model saved to file ./data/model/catboost_model.cbm
2025-03-27 12:56:19,380 - INFO - Starting model training with dataset: ./data/train.csv
2025-03-27 12:56:19,380 - INFO - Using GPU: False
2025-03-27 12:56:19,454 - INFO - Starting data preprocessing
2025-03-27 12:56:19,470 - INFO - Data preprocessing completed
2025-03-27 12:56:19,473 - INFO - Starting hyperparameter optimization
2025-03-27 12:57:27,168 - INFO - Hyperparameter optimization completed
2025-03-27 12:57:27,168 - INFO - Training the final model
2025-03-27 12:57:39,940 - INFO - Model accuracy on validation set: 0.8131
2025-03-27 12:57:39,940 - INFO - Model ROC AUC on validation set: 0.8989
2025-03-27 12:57:40,317 - INFO - Model saved to file ./data/model/catboost_model.cbm
2025-03-27 13:05:50,553 - INFO - Starting prediction with dataset: ./data/test.csv
2025-03-27 13:05:50,553 - INFO - Using GPU: False
2025-03-27 13:05:50,563 - INFO - Starting data preprocessing
2025-03-27 13:05:50,573 - INFO - Data preprocessing completed
2025-03-27 13:05:50,760 - INFO - Model loaded from file ./data/model/catboost_model.cbm
2025-03-27 13:05:50,777 - INFO - Predictions file saved: ./data/result.csv
2025-03-27 13:09:22,214 - INFO - Starting prediction with dataset: ./data/test.csv
2025-03-27 13:09:22,214 - INFO - Using GPU: False
2025-03-27 13:09:22,215 - ERROR - Model not found in path ./data/model/catboost_model.cbm. Start the training first.
2025-03-27 13:23:28,301 - INFO - Starting prediction with dataset: ./data/test.csv
2025-03-27 13:23:28,301 - INFO - Using GPU: False
2025-03-27 13:23:28,317 - INFO - Starting data preprocessing
2025-03-27 13:23:28,332 - INFO - Data preprocessing completed
2025-03-27 13:23:28,492 - INFO - Model loaded from file ./data/model/catboost_model.cbm
2025-03-27 13:23:28,510 - INFO - Predictions file saved: ./data/result.csv
2025-03-27 13:23:44,497 - INFO - Starting model training with dataset: ./data/train.csv
2025-03-27 13:23:44,498 - INFO - Using GPU: False
2025-03-27 13:23:44,566 - INFO - Starting data preprocessing
2025-03-27 13:23:44,580 - INFO - Data preprocessing completed
2025-03-27 13:23:44,583 - INFO - Starting hyperparameter optimization
2025-03-27 13:26:44,675 - INFO - Starting model training with dataset: ./data/train.csv
2025-03-27 13:26:44,678 - INFO - Using GPU: False
2025-03-27 13:26:44,752 - INFO - Starting data preprocessing
2025-03-27 13:26:44,766 - INFO - Data preprocessing completed
2025-03-27 13:26:44,769 - INFO - Starting hyperparameter optimization
2025-03-27 13:28:48,197 - INFO - Starting model training with dataset: ./data/train.csv
2025-03-27 13:28:48,198 - INFO - Using GPU: False
2025-03-27 13:28:48,271 - INFO - Starting data preprocessing
2025-03-27 13:28:48,288 - INFO - Data preprocessing completed
2025-03-27 13:28:48,291 - INFO - Starting hyperparameter optimization
2025-03-27 13:31:01,328 - INFO - Starting model training with dataset: ./data/train.csv
2025-03-27 13:31:01,328 - INFO - Using GPU: False
2025-03-27 13:31:01,423 - INFO - Starting data preprocessing
2025-03-27 13:31:01,438 - INFO - Data preprocessing completed
2025-03-27 13:31:01,441 - INFO - Starting hyperparameter optimization
2025-03-27 13:31:50,742 - INFO - Hyperparameter optimization completed
2025-03-27 13:31:50,743 - INFO - Training the final model
2025-03-27 13:32:00,231 - INFO - Model accuracy on validation set: 0.8033
2025-03-27 13:32:00,231 - INFO - Model ROC AUC on validation set: 0.8924
2025-03-27 13:32:00,631 - INFO - Model saved to file ./data/model/catboost_model.cbm
2025-03-27 13:34:09,842 - INFO - Starting model training with dataset: ./data/train.csv
2025-03-27 13:34:09,843 - INFO - Using GPU: False
2025-03-27 13:34:09,935 - INFO - Starting data preprocessing
2025-03-27 13:34:09,950 - INFO - Data preprocessing completed
2025-03-27 13:34:09,953 - INFO - Starting hyperparameter optimization
2025-03-27 13:41:38,437 - INFO - Starting model training with dataset: ./data/train.csv
2025-03-27 13:41:38,438 - INFO - Using GPU: False
2025-03-27 13:41:38,518 - INFO - Starting data preprocessing
2025-03-27 13:41:38,535 - INFO - Data preprocessing completed
2025-03-27 13:41:38,537 - INFO - Starting hyperparameter optimization
2025-03-27 13:48:32,705 - INFO - Starting model training with dataset: ./data/train.csv
2025-03-27 13:48:32,705 - INFO - Using GPU: False
2025-03-27 13:48:32,777 - INFO - Starting data preprocessing
2025-03-27 13:48:32,792 - INFO - Data preprocessing completed
2025-03-27 13:48:32,794 - INFO - Starting hyperparameter optimization
2025-03-27 13:48:45,886 - INFO - Starting model training with dataset: ./data/train.csv
2025-03-27 13:48:45,886 - INFO - Using GPU: False
2025-03-27 13:48:45,967 - INFO - Starting data preprocessing
2025-03-27 13:48:45,982 - INFO - Data preprocessing completed
2025-03-27 13:48:45,984 - INFO - Starting hyperparameter optimization
2025-03-27 13:49:28,100 - INFO - Starting model training with dataset: ./data/train.csv
2025-03-27 13:49:28,100 - INFO - Using GPU: False
2025-03-27 13:49:28,177 - INFO - Starting data preprocessing
2025-03-27 13:49:28,193 - INFO - Data preprocessing completed
2025-03-27 13:49:28,196 - INFO - Starting hyperparameter optimization
2025-03-27 13:53:41,615 - INFO - Starting model training with dataset: ./data/train.csv
2025-03-27 13:53:41,615 - INFO - Using GPU: False
2025-03-27 13:53:41,694 - INFO - Starting data preprocessing
2025-03-27 13:53:41,714 - INFO - Data preprocessing completed
2025-03-27 13:53:41,718 - INFO - Starting hyperparameter optimization
2025-03-27 13:56:45,071 - INFO - Starting model training with dataset: ./data/train.csv
2025-03-27 13:56:45,071 - INFO - Using GPU: False
2025-03-27 13:56:45,165 - INFO - Starting data preprocessing
2025-03-27 13:56:45,179 - INFO - Data preprocessing completed
2025-03-27 13:56:45,182 - INFO - Starting hyperparameter optimization
2025-03-27 13:57:11,821 - INFO - Starting model training with dataset: ./data/train.csv
2025-03-27 13:57:11,821 - INFO - Using GPU: False
2025-03-27 13:57:11,884 - INFO - Starting data preprocessing
2025-03-27 13:57:11,900 - INFO - Data preprocessing completed
2025-03-27 13:57:11,903 - INFO - Starting hyperparameter optimization
2025-03-27 13:58:19,186 - INFO - Hyperparameter optimization completed
2025-03-27 13:58:19,186 - INFO - Training the final model
2025-03-27 13:58:24,645 - INFO - Model accuracy on validation set: 0.8039
2025-03-27 13:58:24,645 - INFO - Model ROC AUC on validation set: 0.8973
2025-03-27 13:58:25,047 - INFO - Model saved to file ./data/model/catboost_model.cbm
2025-03-27 14:05:26,238 - INFO - Starting model training with dataset: ./data/train.csv
2025-03-27 14:05:26,239 - INFO - Using GPU: False
2025-03-27 14:05:26,331 - INFO - Starting data preprocessing
2025-03-27 14:05:26,351 - INFO - Data preprocessing completed
2025-03-27 14:05:26,354 - INFO - Starting hyperparameter optimization
2025-03-27 14:08:21,438 - INFO - Starting model training with dataset: ./data/train.csv
2025-03-27 14:08:21,438 - INFO - Using GPU: False
2025-03-27 14:08:21,525 - INFO - Starting data preprocessing
2025-03-27 14:08:21,542 - INFO - Data preprocessing completed
2025-03-27 14:08:21,545 - INFO - Starting hyperparameter optimization
2025-03-27 14:10:01,759 - INFO - Hyperparameter optimization completed
2025-03-27 14:10:01,759 - INFO - Training the final model
2025-03-27 14:10:58,584 - INFO - Model accuracy on validation set: 0.8131
2025-03-27 14:10:58,584 - INFO - Model ROC AUC on validation set: 0.8997
2025-03-27 14:10:58,970 - INFO - Model saved to file ./data/model/catboost_model.cbm
2025-03-27 14:29:08,224 - INFO - Starting model training with dataset: ./data/train.csv
2025-03-27 14:29:08,224 - INFO - Using GPU: False
2025-03-27 14:29:08,302 - INFO - Starting data preprocessing
2025-03-27 14:29:08,318 - INFO - Data preprocessing completed
2025-03-27 14:29:08,320 - INFO - Starting hyperparameter optimization
2025-03-27 14:40:53,803 - INFO - Hyperparameter optimization completed
2025-03-27 14:40:53,803 - INFO - Training the final model
2025-03-27 14:41:01,586 - INFO - Model accuracy on validation set: 0.8068
2025-03-27 14:41:01,586 - INFO - Model ROC AUC on validation set: 0.8984
2025-03-27 14:41:02,013 - INFO - Model saved to file ./data/model/catboost_model.cbm
